-------------- Loading modules
Done!

-------------- Loading training data
Done!

-------------- (Training) and evaluating models
> Majority Class classifier (cross validated scores)
Fitting 5 folds for each of 1 candidates, totalling 5 fits
>> F1 score: 0.7533079836888023
>> Running time: 0:00:01.444793

> Logistic Regression classifier (cross validated scores)
Fitting 5 folds for each of 4 candidates, totalling 20 fits
>> F1 score: 0.9425157462234445
>> Running time: 0:01:29.009082

Done!

-------------- Loading test data
Done!

-------------- Choosing best model and making predictions
Predictions saved to: data/predictions/2022-03-21-23:14.yhat
Done!

[CV 1/5] END LR__C=0.3, LR__max_iter=500; accuracy: (test=0.926) f1: (test=0.939) total time=  49.7s
[CV 5/5] END LR__C=0.3, LR__max_iter=500; accuracy: (test=0.934) f1: (test=0.946) total time=  48.1s
[CV 3/5] END LR__C=0.05, LR__max_iter=1000; accuracy: (test=0.931) f1: (test=0.943) total time=  16.0s
[CV 5/5] END strategy=prior; accuracy: (test=0.604) f1: (test=0.753) total time=   0.1s
[CV 3/5] END LR__C=0.3, LR__max_iter=1000; accuracy: (test=0.934) f1: (test=0.946) total time=  49.3s
[CV 5/5] END LR__C=0.05, LR__max_iter=1000; accuracy: (test=0.934) f1: (test=0.946) total time=  15.8s
[CV 1/5] END LR__C=0.05, LR__max_iter=500; accuracy: (test=0.923) f1: (test=0.937) total time=  30.5s
[CV 4/5] END LR__C=0.05, LR__max_iter=500; accuracy: (test=0.932) f1: (test=0.944) total time=  21.2s
[CV 1/5] END LR__C=0.3, LR__max_iter=1000; accuracy: (test=0.926) f1: (test=0.939) total time=  49.8s
[CV 4/5] END strategy=prior; accuracy: (test=0.604) f1: (test=0.753) total time=   0.1s
[CV 3/5] END LR__C=0.3, LR__max_iter=500; accuracy: (test=0.934) f1: (test=0.946) total time=  48.7s
[CV 2/5] END LR__C=0.05, LR__max_iter=1000; accuracy: (test=0.921) f1: (test=0.936) total time=  14.8s
[CV 5/5] END LR__C=0.3, LR__max_iter=1000; accuracy: (test=0.934) f1: (test=0.946) total time=  48.2s
[CV 4/5] END LR__C=0.05, LR__max_iter=1000; accuracy: (test=0.932) f1: (test=0.944) total time=  14.9s
[CV 2/5] END LR__C=0.3, LR__max_iter=500; accuracy: (test=0.926) f1: (test=0.939) total time=  46.8s
[CV 5/5] END LR__C=0.05, LR__max_iter=500; accuracy: (test=0.934) f1: (test=0.946) total time=  17.3s
[CV 1/5] END strategy=prior; accuracy: (test=0.604) f1: (test=0.753) total time=   0.1s
[CV 2/5] END LR__C=0.05, LR__max_iter=500; accuracy: (test=0.921) f1: (test=0.936) total time=  26.9s
[CV 3/5] END LR__C=0.05, LR__max_iter=500; accuracy: (test=0.931) f1: (test=0.943) total time=  24.9s
[CV 2/5] END strategy=prior; accuracy: (test=0.604) f1: (test=0.753) total time=   0.1s
[CV 4/5] END LR__C=0.3, LR__max_iter=500; accuracy: (test=0.931) f1: (test=0.944) total time=  50.3s
[CV 4/5] END LR__C=0.3, LR__max_iter=1000; accuracy: (test=0.931) f1: (test=0.944) total time=  50.2s
[CV 3/5] END strategy=prior; accuracy: (test=0.604) f1: (test=0.753) total time=   0.1s
[CV 2/5] END LR__C=0.3, LR__max_iter=1000; accuracy: (test=0.926) f1: (test=0.939) total time=  46.8s
[CV 1/5] END LR__C=0.05, LR__max_iter=1000; accuracy: (test=0.923) f1: (test=0.937) total time=  16.4s
